<?xml version="1.0" encoding="UTF-8"?>
<!-- Generated by org.testng.reporters.JUnitReportReporter -->
<testsuite hostname="DESKTOP-4L4F65Q" failures="0" tests="1" name="lumafine.Tc_001" time="15.045" errors="0" timestamp="2024-08-28T12:06:04 IST" skipped="0">
  <testcase classname="lumafine.Tc_001" name="test" time="15.045"/>
  <system-out/>
</testsuite> <!-- lumafine.Tc_001 -->
