<?xml version="1.0" encoding="UTF-8"?>
<!-- Generated by org.testng.reporters.JUnitReportReporter -->
<testsuite hostname="DESKTOP-4L4F65Q" failures="0" tests="3" name="com.luma.com.lumacart.Htmlreporter" time="0.014" errors="0" timestamp="2023-06-19T13:14:39 IST" skipped="2">
  <testcase classname="com.luma.com.lumacart.Htmlreporter" name="passTest" time="0.014"/>
  <system-out/>
  <testcase classname="com.luma.com.lumacart.Htmlreporter" name="failTest">
    <skipped/>
  </testcase> <!-- failTest -->
  <system-out/>
  <testcase classname="com.luma.com.lumacart.Htmlreporter" name="skipTest">
    <skipped/>
  </testcase> <!-- skipTest -->
  <system-out/>
</testsuite> <!-- com.luma.com.lumacart.Htmlreporter -->
